<?xml version="1.0" encoding="UTF-8"?>
<!-- Generated by org.testng.reporters.JUnitReportReporter -->
<testsuite hostname="NTP-LAP-883" failures="0" tests="4" name="com.ictk.scripts.TestClass" time="9.848" errors="0" timestamp="2022-12-16T00:48:39 IST" skipped="0">
  <testcase classname="com.ictk.scripts.TestClass" name="ValidLoginVerification" time="2.978"/>
  <system-out/>
  <testcase classname="com.ictk.scripts.TestClass" name="ValidHomeVerification" time="1.674"/>
  <system-out/>
  <testcase classname="com.ictk.scripts.TestClass" name="ValidAddEmpVerification" time="3.692"/>
  <system-out/>
  <testcase classname="com.ictk.scripts.TestClass" name="logout" time="1.504"/>
  <system-out/>
</testsuite> <!-- com.ictk.scripts.TestClass -->
